This file contains any messages produced by compilers while
running configure, to aid debugging if configure makes a mistake.

It was created by Q1 configure 0.0.1, which was
generated by GNU Autoconf 2.69.  Invocation command line was

  $ /root/Projects/inn/configure --enable-maintainer-mode --enable-maintainer-mode

## --------- ##
## Platform. ##
## --------- ##

hostname = user-virtual-machine
uname -m = x86_64
uname -r = 4.2.0-16-generic
uname -s = Linux
uname -v = #19-Ubuntu SMP Thu Oct 8 15:35:06 UTC 2015

/usr/bin/uname -p = unknown
/bin/uname -X     = unknown

/bin/arch              = unknown
/usr/bin/arch -k       = unknown
/usr/convex/getsysinfo = unknown
/usr/bin/hostinfo      = unknown
/bin/machine           = unknown
/usr/bin/oslevel       = unknown
/bin/universe          = unknown

PATH: /usr/local/sbin
PATH: /usr/local/bin
PATH: /usr/sbin
PATH: /usr/bin
PATH: /sbin
PATH: /bin
PATH: /usr/games
PATH: /usr/local/games


## ----------- ##
## Core tests. ##
## ----------- ##

configure:2449: checking for a BSD-compatible install
configure:2517: result: /usr/bin/install -c
configure:2528: checking whether build environment is sane
configure:2583: result: yes
configure:2734: checking for a thread-safe mkdir -p
configure:2773: result: /bin/mkdir -p
configure:2780: checking for gawk
configure:2810: result: no
configure:2780: checking for mawk
configure:2796: found /usr/bin/mawk
configure:2807: result: mawk
configure:2818: checking whether make sets $(MAKE)
configure:2840: result: yes
configure:2869: checking whether make supports nested variables
configure:2886: result: yes
configure:3015: checking whether to enable maintainer-specific portions of Makefiles
configure:3024: result: yes
configure:3094: checking for gcc
configure:3110: found /usr/bin/gcc
configure:3121: result: gcc
configure:3350: checking for C compiler version
configure:3359: gcc --version >&5
gcc (Ubuntu 5.2.1-22ubuntu2) 5.2.1 20151010
Copyright (C) 2015 Free Software Foundation, Inc.
This is free software; see the source for copying conditions.  There is NO
warranty; not even for MERCHANTABILITY or FITNESS FOR A PARTICULAR PURPOSE.

configure:3370: $? = 0
configure:3359: gcc -v >&5
Using built-in specs.
COLLECT_GCC=gcc
COLLECT_LTO_WRAPPER=/usr/lib/gcc/x86_64-linux-gnu/5/lto-wrapper
Target: x86_64-linux-gnu
Configured with: ../src/configure -v --with-pkgversion='Ubuntu 5.2.1-22ubuntu2' --with-bugurl=file:///usr/share/doc/gcc-5/README.Bugs --enable-languages=c,ada,c++,java,go,d,fortran,objc,obj-c++ --prefix=/usr --program-suffix=-5 --enable-shared --enable-linker-build-id --libexecdir=/usr/lib --without-included-gettext --enable-threads=posix --libdir=/usr/lib --enable-nls --with-sysroot=/ --enable-clocale=gnu --enable-libstdcxx-debug --enable-libstdcxx-time=yes --with-default-libstdcxx-abi=new --enable-gnu-unique-object --disable-vtable-verify --enable-libmpx --enable-plugin --with-system-zlib --disable-browser-plugin --enable-java-awt=gtk --enable-gtk-cairo --with-java-home=/usr/lib/jvm/java-1.5.0-gcj-5-amd64/jre --enable-java-home --with-jvm-root-dir=/usr/lib/jvm/java-1.5.0-gcj-5-amd64 --with-jvm-jar-dir=/usr/lib/jvm-exports/java-1.5.0-gcj-5-amd64 --with-arch-directory=amd64 --with-ecj-jar=/usr/share/java/eclipse-ecj.jar --enable-objc-gc --enable-multiarch --disable-werror --with-arch-32=i686 --with-abi=m64 --with-multilib-list=m32,m64,mx32 --enable-multilib --with-tune=generic --enable-checking=release --build=x86_64-linux-gnu --host=x86_64-linux-gnu --target=x86_64-linux-gnu
Thread model: posix
gcc version 5.2.1 20151010 (Ubuntu 5.2.1-22ubuntu2) 
configure:3370: $? = 0
configure:3359: gcc -V >&5
gcc: error: unrecognized command line option '-V'
gcc: fatal error: no input files
compilation terminated.
configure:3370: $? = 1
configure:3359: gcc -qversion >&5
gcc: error: unrecognized command line option '-qversion'
gcc: fatal error: no input files
compilation terminated.
configure:3370: $? = 1
configure:3390: checking whether the C compiler works
configure:3412: gcc    conftest.c  >&5
configure:3416: $? = 0
configure:3464: result: yes
configure:3467: checking for C compiler default output file name
configure:3469: result: a.out
configure:3475: checking for suffix of executables
configure:3482: gcc -o conftest    conftest.c  >&5
configure:3486: $? = 0
configure:3508: result: 
configure:3530: checking whether we are cross compiling
configure:3538: gcc -o conftest    conftest.c  >&5
configure:3542: $? = 0
configure:3549: ./conftest
configure:3553: $? = 0
configure:3568: result: no
configure:3573: checking for suffix of object files
configure:3595: gcc -c   conftest.c >&5
configure:3599: $? = 0
configure:3620: result: o
configure:3624: checking whether we are using the GNU C compiler
configure:3643: gcc -c   conftest.c >&5
configure:3643: $? = 0
configure:3652: result: yes
configure:3661: checking whether gcc accepts -g
configure:3681: gcc -c -g  conftest.c >&5
configure:3681: $? = 0
configure:3722: result: yes
configure:3739: checking for gcc option to accept ISO C89
configure:3802: gcc  -c -g -O2  conftest.c >&5
configure:3802: $? = 0
configure:3815: result: none needed
configure:3840: checking whether gcc understands -c and -o together
configure:3862: gcc -c conftest.c -o conftest2.o
configure:3865: $? = 0
configure:3862: gcc -c conftest.c -o conftest2.o
configure:3865: $? = 0
configure:3877: result: yes
configure:3905: checking for style of include used by make
configure:3933: result: GNU
configure:3959: checking dependency style of gcc
configure:4070: result: gcc3
configure:4144: checking for g++
configure:4160: found /usr/bin/g++
configure:4171: result: g++
configure:4198: checking for C++ compiler version
configure:4207: g++ --version >&5
g++ (Ubuntu 5.2.1-22ubuntu2) 5.2.1 20151010
Copyright (C) 2015 Free Software Foundation, Inc.
This is free software; see the source for copying conditions.  There is NO
warranty; not even for MERCHANTABILITY or FITNESS FOR A PARTICULAR PURPOSE.

configure:4218: $? = 0
configure:4207: g++ -v >&5
Using built-in specs.
COLLECT_GCC=g++
COLLECT_LTO_WRAPPER=/usr/lib/gcc/x86_64-linux-gnu/5/lto-wrapper
Target: x86_64-linux-gnu
Configured with: ../src/configure -v --with-pkgversion='Ubuntu 5.2.1-22ubuntu2' --with-bugurl=file:///usr/share/doc/gcc-5/README.Bugs --enable-languages=c,ada,c++,java,go,d,fortran,objc,obj-c++ --prefix=/usr --program-suffix=-5 --enable-shared --enable-linker-build-id --libexecdir=/usr/lib --without-included-gettext --enable-threads=posix --libdir=/usr/lib --enable-nls --with-sysroot=/ --enable-clocale=gnu --enable-libstdcxx-debug --enable-libstdcxx-time=yes --with-default-libstdcxx-abi=new --enable-gnu-unique-object --disable-vtable-verify --enable-libmpx --enable-plugin --with-system-zlib --disable-browser-plugin --enable-java-awt=gtk --enable-gtk-cairo --with-java-home=/usr/lib/jvm/java-1.5.0-gcj-5-amd64/jre --enable-java-home --with-jvm-root-dir=/usr/lib/jvm/java-1.5.0-gcj-5-amd64 --with-jvm-jar-dir=/usr/lib/jvm-exports/java-1.5.0-gcj-5-amd64 --with-arch-directory=amd64 --with-ecj-jar=/usr/share/java/eclipse-ecj.jar --enable-objc-gc --enable-multiarch --disable-werror --with-arch-32=i686 --with-abi=m64 --with-multilib-list=m32,m64,mx32 --enable-multilib --with-tune=generic --enable-checking=release --build=x86_64-linux-gnu --host=x86_64-linux-gnu --target=x86_64-linux-gnu
Thread model: posix
gcc version 5.2.1 20151010 (Ubuntu 5.2.1-22ubuntu2) 
configure:4218: $? = 0
configure:4207: g++ -V >&5
g++: error: unrecognized command line option '-V'
g++: fatal error: no input files
compilation terminated.
configure:4218: $? = 1
configure:4207: g++ -qversion >&5
g++: error: unrecognized command line option '-qversion'
g++: fatal error: no input files
compilation terminated.
configure:4218: $? = 1
configure:4222: checking whether we are using the GNU C++ compiler
configure:4241: g++ -c   conftest.cpp >&5
configure:4241: $? = 0
configure:4250: result: yes
configure:4259: checking whether g++ accepts -g
configure:4279: g++ -c -g  conftest.cpp >&5
configure:4279: $? = 0
configure:4320: result: yes
configure:4345: checking dependency style of g++
configure:4456: result: gcc3
configure:4472: checking whether ln -s works
configure:4476: result: yes
configure:4514: checking build system type
configure:4528: result: x86_64-unknown-linux-gnu
configure:4548: checking host system type
configure:4561: result: x86_64-unknown-linux-gnu
configure:4602: checking how to print strings
configure:4629: result: printf
configure:4650: checking for a sed that does not truncate output
configure:4714: result: /bin/sed
configure:4732: checking for grep that handles long lines and -e
configure:4790: result: /bin/grep
configure:4795: checking for egrep
configure:4857: result: /bin/grep -E
configure:4862: checking for fgrep
configure:4924: result: /bin/grep -F
configure:4959: checking for ld used by gcc
configure:5026: result: /usr/bin/ld
configure:5033: checking if the linker (/usr/bin/ld) is GNU ld
configure:5048: result: yes
configure:5060: checking for BSD- or MS-compatible name lister (nm)
configure:5109: result: /usr/bin/nm -B
configure:5239: checking the name lister (/usr/bin/nm -B) interface
configure:5246: gcc -c -g -O2  conftest.c >&5
configure:5249: /usr/bin/nm -B "conftest.o"
configure:5252: output
0000000000000000 B some_variable
configure:5259: result: BSD nm
configure:5263: checking the maximum length of command line arguments
configure:5394: result: 1572864
configure:5411: checking whether the shell understands some XSI constructs
configure:5421: result: yes
configure:5425: checking whether the shell understands "+="
configure:5431: result: yes
configure:5466: checking how to convert x86_64-unknown-linux-gnu file names to x86_64-unknown-linux-gnu format
configure:5506: result: func_convert_file_noop
configure:5513: checking how to convert x86_64-unknown-linux-gnu file names to toolchain format
configure:5533: result: func_convert_file_noop
configure:5540: checking for /usr/bin/ld option to reload object files
configure:5547: result: -r
configure:5621: checking for objdump
configure:5637: found /usr/bin/objdump
configure:5648: result: objdump
configure:5680: checking how to recognize dependent libraries
configure:5878: result: pass_all
configure:5963: checking for dlltool
configure:5993: result: no
configure:6023: checking how to associate runtime and link libraries
configure:6050: result: printf %s\n
configure:6111: checking for ar
configure:6127: found /usr/bin/ar
configure:6138: result: ar
configure:6175: checking for archiver @FILE support
configure:6192: gcc -c -g -O2  conftest.c >&5
configure:6192: $? = 0
configure:6195: ar cru libconftest.a @conftest.lst >&5
ar: `u' modifier ignored since `D' is the default (see `U')
configure:6198: $? = 0
configure:6203: ar cru libconftest.a @conftest.lst >&5
ar: `u' modifier ignored since `D' is the default (see `U')
ar: conftest.o: No such file or directory
configure:6206: $? = 1
configure:6218: result: @
configure:6276: checking for strip
configure:6292: found /usr/bin/strip
configure:6303: result: strip
configure:6375: checking for ranlib
configure:6391: found /usr/bin/ranlib
configure:6402: result: ranlib
configure:6504: checking command to parse /usr/bin/nm -B output from gcc object
configure:6624: gcc -c -g -O2  conftest.c >&5
configure:6627: $? = 0
configure:6631: /usr/bin/nm -B conftest.o \| sed -n -e 's/^.*[ ]\([ABCDGIRSTW][ABCDGIRSTW]*\)[ ][ ]*\([_A-Za-z][_A-Za-z0-9]*\)$/\1 \2 \2/p' | sed '/ __gnu_lto/d' \> conftest.nm
configure:6634: $? = 0
configure:6700: gcc -o conftest -g -O2   conftest.c conftstm.o >&5
configure:6703: $? = 0
configure:6741: result: ok
configure:6778: checking for sysroot
configure:6808: result: no
configure:6885: gcc -c -g -O2  conftest.c >&5
configure:6888: $? = 0
configure:7077: checking for mt
configure:7093: found /bin/mt
configure:7104: result: mt
configure:7127: checking if mt is a manifest tool
configure:7133: mt '-?'
configure:7141: result: no
configure:7783: checking how to run the C preprocessor
configure:7814: gcc -E  conftest.c
configure:7814: $? = 0
configure:7828: gcc -E  conftest.c
conftest.c:11:28: fatal error: ac_nonexistent.h: No such file or directory
compilation terminated.
configure:7828: $? = 1
configure: failed program was:
| /* confdefs.h */
| #define PACKAGE_NAME "Q1"
| #define PACKAGE_TARNAME "q1"
| #define PACKAGE_VERSION "0.0.1"
| #define PACKAGE_STRING "Q1 0.0.1"
| #define PACKAGE_BUGREPORT ""
| #define PACKAGE_URL ""
| #define PACKAGE "q1"
| #define VERSION "0.0.1"
| /* end confdefs.h.  */
| #include <ac_nonexistent.h>
configure:7853: result: gcc -E
configure:7873: gcc -E  conftest.c
configure:7873: $? = 0
configure:7887: gcc -E  conftest.c
conftest.c:11:28: fatal error: ac_nonexistent.h: No such file or directory
compilation terminated.
configure:7887: $? = 1
configure: failed program was:
| /* confdefs.h */
| #define PACKAGE_NAME "Q1"
| #define PACKAGE_TARNAME "q1"
| #define PACKAGE_VERSION "0.0.1"
| #define PACKAGE_STRING "Q1 0.0.1"
| #define PACKAGE_BUGREPORT ""
| #define PACKAGE_URL ""
| #define PACKAGE "q1"
| #define VERSION "0.0.1"
| /* end confdefs.h.  */
| #include <ac_nonexistent.h>
configure:7916: checking for ANSI C header files
configure:7936: gcc -c -g -O2  conftest.c >&5
configure:7936: $? = 0
configure:8009: gcc -o conftest -g -O2   conftest.c  >&5
configure:8009: $? = 0
configure:8009: ./conftest
configure:8009: $? = 0
configure:8020: result: yes
configure:8033: checking for sys/types.h
configure:8033: gcc -c -g -O2  conftest.c >&5
configure:8033: $? = 0
configure:8033: result: yes
configure:8033: checking for sys/stat.h
configure:8033: gcc -c -g -O2  conftest.c >&5
configure:8033: $? = 0
configure:8033: result: yes
configure:8033: checking for stdlib.h
configure:8033: gcc -c -g -O2  conftest.c >&5
configure:8033: $? = 0
configure:8033: result: yes
configure:8033: checking for string.h
configure:8033: gcc -c -g -O2  conftest.c >&5
configure:8033: $? = 0
configure:8033: result: yes
configure:8033: checking for memory.h
configure:8033: gcc -c -g -O2  conftest.c >&5
configure:8033: $? = 0
configure:8033: result: yes
configure:8033: checking for strings.h
configure:8033: gcc -c -g -O2  conftest.c >&5
configure:8033: $? = 0
configure:8033: result: yes
configure:8033: checking for inttypes.h
configure:8033: gcc -c -g -O2  conftest.c >&5
configure:8033: $? = 0
configure:8033: result: yes
configure:8033: checking for stdint.h
configure:8033: gcc -c -g -O2  conftest.c >&5
configure:8033: $? = 0
configure:8033: result: yes
configure:8033: checking for unistd.h
configure:8033: gcc -c -g -O2  conftest.c >&5
configure:8033: $? = 0
configure:8033: result: yes
configure:8047: checking for dlfcn.h
configure:8047: gcc -c -g -O2  conftest.c >&5
configure:8047: $? = 0
configure:8047: result: yes
configure:8264: checking for objdir
configure:8279: result: .libs
configure:8546: checking if gcc supports -fno-rtti -fno-exceptions
configure:8564: gcc -c -g -O2  -fno-rtti -fno-exceptions conftest.c >&5
cc1: warning: command line option '-fno-rtti' is valid for C++/ObjC++ but not for C
configure:8568: $? = 0
configure:8581: result: no
configure:8908: checking for gcc option to produce PIC
configure:8915: result: -fPIC -DPIC
configure:8923: checking if gcc PIC flag -fPIC -DPIC works
configure:8941: gcc -c -g -O2  -fPIC -DPIC -DPIC conftest.c >&5
configure:8945: $? = 0
configure:8958: result: yes
configure:8987: checking if gcc static flag -static works
configure:9015: result: yes
configure:9030: checking if gcc supports -c -o file.o
configure:9051: gcc -c -g -O2  -o out/conftest2.o conftest.c >&5
configure:9055: $? = 0
configure:9077: result: yes
configure:9085: checking if gcc supports -c -o file.o
configure:9132: result: yes
configure:9165: checking whether the gcc linker (/usr/bin/ld -m elf_x86_64) supports shared libraries
configure:10322: result: yes
configure:10359: checking whether -lc should be explicitly linked in
configure:10367: gcc -c -g -O2  conftest.c >&5
configure:10370: $? = 0
configure:10385: gcc -shared  -fPIC -DPIC conftest.o  -v -Wl,-soname -Wl,conftest -o conftest 2\>\&1 \| /bin/grep  -lc  \>/dev/null 2\>\&1
configure:10388: $? = 0
configure:10402: result: no
configure:10562: checking dynamic linker characteristics
configure:11062: gcc -o conftest -g -O2   -Wl,-rpath -Wl,/foo conftest.c  >&5
configure:11062: $? = 0
configure:11296: result: GNU/Linux ld.so
configure:11403: checking how to hardcode library paths into programs
configure:11428: result: immediate
configure:11968: checking whether stripping libraries is possible
configure:11973: result: yes
configure:12008: checking if libtool supports shared libraries
configure:12010: result: yes
configure:12013: checking whether to build shared libraries
configure:12034: result: yes
configure:12037: checking whether to build static libraries
configure:12041: result: yes
configure:12064: checking how to run the C++ preprocessor
configure:12091: g++ -E  conftest.cpp
configure:12091: $? = 0
configure:12105: g++ -E  conftest.cpp
conftest.cpp:23:28: fatal error: ac_nonexistent.h: No such file or directory
compilation terminated.
configure:12105: $? = 1
configure: failed program was:
| /* confdefs.h */
| #define PACKAGE_NAME "Q1"
| #define PACKAGE_TARNAME "q1"
| #define PACKAGE_VERSION "0.0.1"
| #define PACKAGE_STRING "Q1 0.0.1"
| #define PACKAGE_BUGREPORT ""
| #define PACKAGE_URL ""
| #define PACKAGE "q1"
| #define VERSION "0.0.1"
| #define STDC_HEADERS 1
| #define HAVE_SYS_TYPES_H 1
| #define HAVE_SYS_STAT_H 1
| #define HAVE_STDLIB_H 1
| #define HAVE_STRING_H 1
| #define HAVE_MEMORY_H 1
| #define HAVE_STRINGS_H 1
| #define HAVE_INTTYPES_H 1
| #define HAVE_STDINT_H 1
| #define HAVE_UNISTD_H 1
| #define HAVE_DLFCN_H 1
| #define LT_OBJDIR ".libs/"
| /* end confdefs.h.  */
| #include <ac_nonexistent.h>
configure:12130: result: g++ -E
configure:12150: g++ -E  conftest.cpp
configure:12150: $? = 0
configure:12164: g++ -E  conftest.cpp
conftest.cpp:23:28: fatal error: ac_nonexistent.h: No such file or directory
compilation terminated.
configure:12164: $? = 1
configure: failed program was:
| /* confdefs.h */
| #define PACKAGE_NAME "Q1"
| #define PACKAGE_TARNAME "q1"
| #define PACKAGE_VERSION "0.0.1"
| #define PACKAGE_STRING "Q1 0.0.1"
| #define PACKAGE_BUGREPORT ""
| #define PACKAGE_URL ""
| #define PACKAGE "q1"
| #define VERSION "0.0.1"
| #define STDC_HEADERS 1
| #define HAVE_SYS_TYPES_H 1
| #define HAVE_SYS_STAT_H 1
| #define HAVE_STDLIB_H 1
| #define HAVE_STRING_H 1
| #define HAVE_MEMORY_H 1
| #define HAVE_STRINGS_H 1
| #define HAVE_INTTYPES_H 1
| #define HAVE_STDINT_H 1
| #define HAVE_UNISTD_H 1
| #define HAVE_DLFCN_H 1
| #define LT_OBJDIR ".libs/"
| /* end confdefs.h.  */
| #include <ac_nonexistent.h>
configure:12333: checking for ld used by g++
configure:12400: result: /usr/bin/ld -m elf_x86_64
configure:12407: checking if the linker (/usr/bin/ld -m elf_x86_64) is GNU ld
configure:12422: result: yes
configure:12477: checking whether the g++ linker (/usr/bin/ld -m elf_x86_64) supports shared libraries
configure:13479: result: yes
configure:13515: g++ -c -g -O2  conftest.cpp >&5
configure:13518: $? = 0
configure:14038: checking for g++ option to produce PIC
configure:14045: result: -fPIC -DPIC
configure:14053: checking if g++ PIC flag -fPIC -DPIC works
configure:14071: g++ -c -g -O2  -fPIC -DPIC -DPIC conftest.cpp >&5
configure:14075: $? = 0
configure:14088: result: yes
configure:14111: checking if g++ static flag -static works
configure:14139: result: yes
configure:14151: checking if g++ supports -c -o file.o
configure:14172: g++ -c -g -O2  -o out/conftest2.o conftest.cpp >&5
configure:14176: $? = 0
configure:14198: result: yes
configure:14203: checking if g++ supports -c -o file.o
configure:14250: result: yes
configure:14280: checking whether the g++ linker (/usr/bin/ld -m elf_x86_64) supports shared libraries
configure:14319: result: yes
configure:14460: checking dynamic linker characteristics
configure:15128: result: GNU/Linux ld.so
configure:15181: checking how to hardcode library paths into programs
configure:15206: result: immediate
configure:15290: checking for pthread_mutex_lock in -lpthread
configure:15315: gcc -o conftest -g -O0 -D_GNU_SOURCE   conftest.c -lpthread   >&5
configure:15315: $? = 0
configure:15324: result: yes
configure:15339: building with SyncAPI support
configure:15356: checking for ANSI C header files
configure:15460: result: yes
configure:15471: checking arpa/inet.h usability
configure:15471: gcc -c -g -O0 -D_GNU_SOURCE  conftest.c >&5
configure:15471: $? = 0
configure:15471: result: yes
configure:15471: checking arpa/inet.h presence
configure:15471: gcc -E  conftest.c
configure:15471: $? = 0
configure:15471: result: yes
configure:15471: checking for arpa/inet.h
configure:15471: result: yes
configure:15471: checking fcntl.h usability
configure:15471: gcc -c -g -O0 -D_GNU_SOURCE  conftest.c >&5
configure:15471: $? = 0
configure:15471: result: yes
configure:15471: checking fcntl.h presence
configure:15471: gcc -E  conftest.c
configure:15471: $? = 0
configure:15471: result: yes
configure:15471: checking for fcntl.h
configure:15471: result: yes
configure:15471: checking netdb.h usability
configure:15471: gcc -c -g -O0 -D_GNU_SOURCE  conftest.c >&5
configure:15471: $? = 0
configure:15471: result: yes
configure:15471: checking netdb.h presence
configure:15471: gcc -E  conftest.c
configure:15471: $? = 0
configure:15471: result: yes
configure:15471: checking for netdb.h
configure:15471: result: yes
configure:15471: checking netinet/in.h usability
configure:15471: gcc -c -g -O0 -D_GNU_SOURCE  conftest.c >&5
configure:15471: $? = 0
configure:15471: result: yes
configure:15471: checking netinet/in.h presence
configure:15471: gcc -E  conftest.c
configure:15471: $? = 0
configure:15471: result: yes
configure:15471: checking for netinet/in.h
configure:15471: result: yes
configure:15471: checking for stdlib.h
configure:15471: result: yes
configure:15471: checking for string.h
configure:15471: result: yes
configure:15471: checking sys/socket.h usability
configure:15471: gcc -c -g -O0 -D_GNU_SOURCE  conftest.c >&5
configure:15471: $? = 0
configure:15471: result: yes
configure:15471: checking sys/socket.h presence
configure:15471: gcc -E  conftest.c
configure:15471: $? = 0
configure:15471: result: yes
configure:15471: checking for sys/socket.h
configure:15471: result: yes
configure:15471: checking sys/time.h usability
configure:15471: gcc -c -g -O0 -D_GNU_SOURCE  conftest.c >&5
configure:15471: $? = 0
configure:15471: result: yes
configure:15471: checking sys/time.h presence
configure:15471: gcc -E  conftest.c
configure:15471: $? = 0
configure:15471: result: yes
configure:15471: checking for sys/time.h
configure:15471: result: yes
configure:15471: checking for unistd.h
configure:15471: result: yes
configure:15471: checking sys/utsname.h usability
configure:15471: gcc -c -g -O0 -D_GNU_SOURCE  conftest.c >&5
configure:15471: $? = 0
configure:15471: result: yes
configure:15471: checking sys/utsname.h presence
configure:15471: gcc -E  conftest.c
configure:15471: $? = 0
configure:15471: result: yes
configure:15471: checking for sys/utsname.h
configure:15471: result: yes
configure:15483: checking for an ANSI C-conforming const
configure:15549: gcc -c -g -O0 -D_GNU_SOURCE  conftest.c >&5
configure:15549: $? = 0
configure:15556: result: yes
configure:15564: checking for inline
configure:15580: gcc -c -g -O0 -D_GNU_SOURCE  conftest.c >&5
configure:15580: $? = 0
configure:15588: result: inline
configure:15606: checking whether time.h and sys/time.h may both be included
configure:15626: gcc -c -g -O0 -D_GNU_SOURCE  conftest.c >&5
configure:15626: $? = 0
configure:15633: result: yes
configure:15641: checking for nfds_t
configure:15641: gcc -c -g -O0 -D_GNU_SOURCE  conftest.c >&5
configure:15641: $? = 0
configure:15641: gcc -c -g -O0 -D_GNU_SOURCE  conftest.c >&5
conftest.c: In function 'main':
conftest.c:40:21: error: expected expression before ')' token
 if (sizeof ((nfds_t)))
                     ^
configure:15641: $? = 1
configure: failed program was:
| /* confdefs.h */
| #define PACKAGE_NAME "Q1"
| #define PACKAGE_TARNAME "q1"
| #define PACKAGE_VERSION "0.0.1"
| #define PACKAGE_STRING "Q1 0.0.1"
| #define PACKAGE_BUGREPORT ""
| #define PACKAGE_URL ""
| #define PACKAGE "q1"
| #define VERSION "0.0.1"
| #define STDC_HEADERS 1
| #define HAVE_SYS_TYPES_H 1
| #define HAVE_SYS_STAT_H 1
| #define HAVE_STDLIB_H 1
| #define HAVE_STRING_H 1
| #define HAVE_MEMORY_H 1
| #define HAVE_STRINGS_H 1
| #define HAVE_INTTYPES_H 1
| #define HAVE_STDINT_H 1
| #define HAVE_UNISTD_H 1
| #define HAVE_DLFCN_H 1
| #define LT_OBJDIR ".libs/"
| #define STDC_HEADERS 1
| #define HAVE_ARPA_INET_H 1
| #define HAVE_FCNTL_H 1
| #define HAVE_NETDB_H 1
| #define HAVE_NETINET_IN_H 1
| #define HAVE_STDLIB_H 1
| #define HAVE_STRING_H 1
| #define HAVE_SYS_SOCKET_H 1
| #define HAVE_SYS_TIME_H 1
| #define HAVE_UNISTD_H 1
| #define HAVE_SYS_UTSNAME_H 1
| #define TIME_WITH_SYS_TIME 1
| /* end confdefs.h.  */
| #include <poll.h>
| 
| int
| main ()
| {
| if (sizeof ((nfds_t)))
| 	    return 0;
|   ;
|   return 0;
| }
configure:15641: result: yes
configure:15654: checking whether to enable ipv6
configure:15676: gcc -o conftest -g -O0 -D_GNU_SOURCE   conftest.c  >&5
conftest.c:39:1: warning: return type defaults to 'int' [-Wimplicit-int]
 main()
 ^
conftest.c: In function 'main':
conftest.c:42:4: warning: implicit declaration of function 'exit' [-Wimplicit-function-declaration]
    exit(1);
    ^
conftest.c:42:4: warning: incompatible implicit declaration of built-in function 'exit'
conftest.c:42:4: note: include '<stdlib.h>' or provide a declaration of 'exit'
conftest.c:44:4: warning: incompatible implicit declaration of built-in function 'exit'
    exit(0);
    ^
conftest.c:44:4: note: include '<stdlib.h>' or provide a declaration of 'exit'
configure:15676: $? = 0
configure:15676: ./conftest
configure:15676: $? = 0
configure:15677: result: yes
configure:15699: checking for getcwd
configure:15699: gcc -o conftest -g -O0 -D_GNU_SOURCE   conftest.c  >&5
configure:15699: $? = 0
configure:15699: result: yes
configure:15699: checking for gethostbyname
configure:15699: gcc -o conftest -g -O0 -D_GNU_SOURCE   conftest.c  >&5
configure:15699: $? = 0
configure:15699: result: yes
configure:15699: checking for gethostname
configure:15699: gcc -o conftest -g -O0 -D_GNU_SOURCE   conftest.c  >&5
configure:15699: $? = 0
configure:15699: result: yes
configure:15699: checking for getlogin
configure:15699: gcc -o conftest -g -O0 -D_GNU_SOURCE   conftest.c  >&5
configure:15699: $? = 0
configure:15699: result: yes
configure:15699: checking for getpwuid_r
configure:15699: gcc -o conftest -g -O0 -D_GNU_SOURCE   conftest.c  >&5
configure:15699: $? = 0
configure:15699: result: yes
configure:15699: checking for gettimeofday
configure:15699: gcc -o conftest -g -O0 -D_GNU_SOURCE   conftest.c  >&5
configure:15699: $? = 0
configure:15699: result: yes
configure:15699: checking for getuid
configure:15699: gcc -o conftest -g -O0 -D_GNU_SOURCE   conftest.c  >&5
configure:15699: $? = 0
configure:15699: result: yes
configure:15699: checking for memmove
configure:15699: gcc -o conftest -g -O0 -D_GNU_SOURCE   conftest.c  >&5
conftest.c:66:6: warning: conflicting types for built-in function 'memmove'
 char memmove ();
      ^
configure:15699: $? = 0
configure:15699: result: yes
configure:15699: checking for memset
configure:15699: gcc -o conftest -g -O0 -D_GNU_SOURCE   conftest.c  >&5
conftest.c:67:6: warning: conflicting types for built-in function 'memset'
 char memset ();
      ^
configure:15699: $? = 0
configure:15699: result: yes
configure:15699: checking for poll
configure:15699: gcc -o conftest -g -O0 -D_GNU_SOURCE   conftest.c  >&5
configure:15699: $? = 0
configure:15699: result: yes
configure:15699: checking for socket
configure:15699: gcc -o conftest -g -O0 -D_GNU_SOURCE   conftest.c  >&5
configure:15699: $? = 0
configure:15699: result: yes
configure:15699: checking for strchr
configure:15699: gcc -o conftest -g -O0 -D_GNU_SOURCE   conftest.c  >&5
conftest.c:70:6: warning: conflicting types for built-in function 'strchr'
 char strchr ();
      ^
configure:15699: $? = 0
configure:15699: result: yes
configure:15699: checking for strdup
configure:15699: gcc -o conftest -g -O0 -D_GNU_SOURCE   conftest.c  >&5
conftest.c:71:6: warning: conflicting types for built-in function 'strdup'
 char strdup ();
      ^
configure:15699: $? = 0
configure:15699: result: yes
configure:15699: checking for strerror
configure:15699: gcc -o conftest -g -O0 -D_GNU_SOURCE   conftest.c  >&5
configure:15699: $? = 0
configure:15699: result: yes
configure:15699: checking for strtol
configure:15699: gcc -o conftest -g -O0 -D_GNU_SOURCE   conftest.c  >&5
configure:15699: $? = 0
configure:15699: result: yes
configure:15820: checking that generated files are newer than configure
configure:15826: result: done
configure:15861: creating ./config.status

## ---------------------- ##
## Running config.status. ##
## ---------------------- ##

This file was extended by Q1 config.status 0.0.1, which was
generated by GNU Autoconf 2.69.  Invocation command line was

  CONFIG_FILES    = 
  CONFIG_HEADERS  = 
  CONFIG_LINKS    = 
  CONFIG_COMMANDS = 
  $ ./config.status 

on user-virtual-machine

config.status:1177: creating Makefile
config.status:1177: creating config.h
config.status:1358: config.h is unchanged
config.status:1406: executing depfiles commands
config.status:1406: executing libtool commands

## ---------------- ##
## Cache variables. ##
## ---------------- ##

ac_cv_build=x86_64-unknown-linux-gnu
ac_cv_c_compiler_gnu=yes
ac_cv_c_const=yes
ac_cv_c_inline=inline
ac_cv_cxx_compiler_gnu=yes
ac_cv_env_CCC_set=
ac_cv_env_CCC_value=
ac_cv_env_CC_set=
ac_cv_env_CC_value=
ac_cv_env_CFLAGS_set=
ac_cv_env_CFLAGS_value=
ac_cv_env_CPPFLAGS_set=
ac_cv_env_CPPFLAGS_value=
ac_cv_env_CPP_set=
ac_cv_env_CPP_value=
ac_cv_env_CXXCPP_set=
ac_cv_env_CXXCPP_value=
ac_cv_env_CXXFLAGS_set=
ac_cv_env_CXXFLAGS_value=
ac_cv_env_CXX_set=
ac_cv_env_CXX_value=
ac_cv_env_LDFLAGS_set=
ac_cv_env_LDFLAGS_value=
ac_cv_env_LIBS_set=
ac_cv_env_LIBS_value=
ac_cv_env_build_alias_set=
ac_cv_env_build_alias_value=
ac_cv_env_host_alias_set=
ac_cv_env_host_alias_value=
ac_cv_env_target_alias_set=
ac_cv_env_target_alias_value=
ac_cv_func_getcwd=yes
ac_cv_func_gethostbyname=yes
ac_cv_func_gethostname=yes
ac_cv_func_getlogin=yes
ac_cv_func_getpwuid_r=yes
ac_cv_func_gettimeofday=yes
ac_cv_func_getuid=yes
ac_cv_func_memmove=yes
ac_cv_func_memset=yes
ac_cv_func_poll=yes
ac_cv_func_socket=yes
ac_cv_func_strchr=yes
ac_cv_func_strdup=yes
ac_cv_func_strerror=yes
ac_cv_func_strtol=yes
ac_cv_header_arpa_inet_h=yes
ac_cv_header_dlfcn_h=yes
ac_cv_header_fcntl_h=yes
ac_cv_header_inttypes_h=yes
ac_cv_header_memory_h=yes
ac_cv_header_netdb_h=yes
ac_cv_header_netinet_in_h=yes
ac_cv_header_stdc=yes
ac_cv_header_stdint_h=yes
ac_cv_header_stdlib_h=yes
ac_cv_header_string_h=yes
ac_cv_header_strings_h=yes
ac_cv_header_sys_socket_h=yes
ac_cv_header_sys_stat_h=yes
ac_cv_header_sys_time_h=yes
ac_cv_header_sys_types_h=yes
ac_cv_header_sys_utsname_h=yes
ac_cv_header_time=yes
ac_cv_header_unistd_h=yes
ac_cv_host=x86_64-unknown-linux-gnu
ac_cv_lib_pthread_pthread_mutex_lock=yes
ac_cv_objext=o
ac_cv_path_EGREP='/bin/grep -E'
ac_cv_path_FGREP='/bin/grep -F'
ac_cv_path_GREP=/bin/grep
ac_cv_path_SED=/bin/sed
ac_cv_path_install='/usr/bin/install -c'
ac_cv_path_mkdir=/bin/mkdir
ac_cv_prog_AWK=mawk
ac_cv_prog_CPP='gcc -E'
ac_cv_prog_CXXCPP='g++ -E'
ac_cv_prog_ac_ct_AR=ar
ac_cv_prog_ac_ct_CC=gcc
ac_cv_prog_ac_ct_CXX=g++
ac_cv_prog_ac_ct_MANIFEST_TOOL=mt
ac_cv_prog_ac_ct_OBJDUMP=objdump
ac_cv_prog_ac_ct_RANLIB=ranlib
ac_cv_prog_ac_ct_STRIP=strip
ac_cv_prog_cc_c89=
ac_cv_prog_cc_g=yes
ac_cv_prog_cxx_g=yes
ac_cv_prog_make_make_set=yes
ac_cv_type_nfds_t=yes
am_cv_CC_dependencies_compiler_type=gcc3
am_cv_CXX_dependencies_compiler_type=gcc3
am_cv_make_support_nested_variables=yes
am_cv_prog_cc_c_o=yes
lt_cv_ar_at_file=@
lt_cv_archive_cmds_need_lc=no
lt_cv_deplibs_check_method=pass_all
lt_cv_file_magic_cmd='$MAGIC_CMD'
lt_cv_file_magic_test_file=
lt_cv_ld_reload_flag=-r
lt_cv_nm_interface='BSD nm'
lt_cv_objdir=.libs
lt_cv_path_LD=/usr/bin/ld
lt_cv_path_LDCXX='/usr/bin/ld -m elf_x86_64'
lt_cv_path_NM='/usr/bin/nm -B'
lt_cv_path_mainfest_tool=no
lt_cv_prog_compiler_c_o=yes
lt_cv_prog_compiler_c_o_CXX=yes
lt_cv_prog_compiler_pic='-fPIC -DPIC'
lt_cv_prog_compiler_pic_CXX='-fPIC -DPIC'
lt_cv_prog_compiler_pic_works=yes
lt_cv_prog_compiler_pic_works_CXX=yes
lt_cv_prog_compiler_rtti_exceptions=no
lt_cv_prog_compiler_static_works=yes
lt_cv_prog_compiler_static_works_CXX=yes
lt_cv_prog_gnu_ld=yes
lt_cv_prog_gnu_ldcxx=yes
lt_cv_sharedlib_from_linklib_cmd='printf %s\n'
lt_cv_shlibpath_overrides_runpath=no
lt_cv_sys_global_symbol_pipe='sed -n -e '\''s/^.*[	 ]\([ABCDGIRSTW][ABCDGIRSTW]*\)[	 ][	 ]*\([_A-Za-z][_A-Za-z0-9]*\)$/\1 \2 \2/p'\'' | sed '\''/ __gnu_lto/d'\'''
lt_cv_sys_global_symbol_to_c_name_address='sed -n -e '\''s/^: \([^ ]*\)[ ]*$/  {\"\1\", (void *) 0},/p'\'' -e '\''s/^[ABCDGIRSTW]* \([^ ]*\) \([^ ]*\)$/  {"\2", (void *) \&\2},/p'\'''
lt_cv_sys_global_symbol_to_c_name_address_lib_prefix='sed -n -e '\''s/^: \([^ ]*\)[ ]*$/  {\"\1\", (void *) 0},/p'\'' -e '\''s/^[ABCDGIRSTW]* \([^ ]*\) \(lib[^ ]*\)$/  {"\2", (void *) \&\2},/p'\'' -e '\''s/^[ABCDGIRSTW]* \([^ ]*\) \([^ ]*\)$/  {"lib\2", (void *) \&\2},/p'\'''
lt_cv_sys_global_symbol_to_cdecl='sed -n -e '\''s/^T .* \(.*\)$/extern int \1();/p'\'' -e '\''s/^[ABCDGIRSTW]* .* \(.*\)$/extern char \1;/p'\'''
lt_cv_sys_max_cmd_len=1572864
lt_cv_to_host_file_cmd=func_convert_file_noop
lt_cv_to_tool_file_cmd=func_convert_file_noop

## ----------------- ##
## Output variables. ##
## ----------------- ##

ACLOCAL='${SHELL} /root/Projects/inn/missing aclocal-1.15'
AMDEPBACKSLASH='\'
AMDEP_FALSE='#'
AMDEP_TRUE=''
AMTAR='$${TAR-tar}'
AM_BACKSLASH='\'
AM_DEFAULT_V='$(AM_DEFAULT_VERBOSITY)'
AM_DEFAULT_VERBOSITY='1'
AM_V='$(V)'
AR='ar'
AUTOCONF='${SHELL} /root/Projects/inn/missing autoconf'
AUTOHEADER='${SHELL} /root/Projects/inn/missing autoheader'
AUTOMAKE='${SHELL} /root/Projects/inn/missing automake-1.15'
AWK='mawk'
CC='gcc'
CCDEPMODE='depmode=gcc3'
CFLAGS='-g -O0 -D_GNU_SOURCE'
CPP='gcc -E'
CPPFLAGS=''
CXX='g++'
CXXCPP='g++ -E'
CXXDEPMODE='depmode=gcc3'
CXXFLAGS='-g -O0'
CYGPATH_W='echo'
DEFS='-DHAVE_CONFIG_H'
DEPDIR='.deps'
DLLTOOL='false'
DSYMUTIL=''
DUMPBIN=''
ECHO_C=''
ECHO_N='-n'
ECHO_T=''
EGREP='/bin/grep -E'
EXEEXT=''
FGREP='/bin/grep -F'
GREP='/bin/grep'
INSTALL_DATA='${INSTALL} -m 644'
INSTALL_PROGRAM='${INSTALL}'
INSTALL_SCRIPT='${INSTALL}'
INSTALL_STRIP_PROGRAM='$(install_sh) -c -s'
LD='/usr/bin/ld -m elf_x86_64'
LDFLAGS=''
LIBOBJS=''
LIBS=''
LIBTOOL='$(SHELL) $(top_builddir)/libtool'
LIPO=''
LN_S='ln -s'
LTLIBOBJS=''
MAINT=''
MAINTAINER_MODE_FALSE='#'
MAINTAINER_MODE_TRUE=''
MAKEINFO='${SHELL} /root/Projects/inn/missing makeinfo'
MANIFEST_TOOL=':'
MKDIR_P='/bin/mkdir -p'
NM='/usr/bin/nm -B'
NMEDIT=''
OBJDUMP='objdump'
OBJEXT='o'
OTOOL64=''
OTOOL=''
PACKAGE='q1'
PACKAGE_BUGREPORT=''
PACKAGE_NAME='Q1'
PACKAGE_STRING='Q1 0.0.1'
PACKAGE_TARNAME='q1'
PACKAGE_URL=''
PACKAGE_VERSION='0.0.1'
PATH_SEPARATOR=':'
RANLIB='ranlib'
SED='/bin/sed'
SET_MAKE=''
SHELL='/bin/bash'
STRIP='strip'
USEIPV6='-DZOO_IPV6_ENABLED'
VERSION='0.0.1'
WANT_SYNCAPI_FALSE='#'
WANT_SYNCAPI_TRUE=''
ac_ct_AR='ar'
ac_ct_CC='gcc'
ac_ct_CXX='g++'
ac_ct_DUMPBIN=''
am__EXEEXT_FALSE=''
am__EXEEXT_TRUE='#'
am__fastdepCC_FALSE='#'
am__fastdepCC_TRUE=''
am__fastdepCXX_FALSE='#'
am__fastdepCXX_TRUE=''
am__include='include'
am__isrc=''
am__leading_dot='.'
am__nodep='_no'
am__quote=''
am__tar='$${TAR-tar} chof - "$$tardir"'
am__untar='$${TAR-tar} xf -'
bindir='${exec_prefix}/bin'
build='x86_64-unknown-linux-gnu'
build_alias=''
build_cpu='x86_64'
build_os='linux-gnu'
build_vendor='unknown'
datadir='${datarootdir}'
datarootdir='${prefix}/share'
docdir='${datarootdir}/doc/${PACKAGE_TARNAME}'
dvidir='${docdir}'
exec_prefix='${prefix}'
host='x86_64-unknown-linux-gnu'
host_alias=''
host_cpu='x86_64'
host_os='linux-gnu'
host_vendor='unknown'
htmldir='${docdir}'
includedir='${prefix}/include'
infodir='${datarootdir}/info'
install_sh='${SHELL} /root/Projects/inn/install-sh'
libdir='${exec_prefix}/lib'
libexecdir='${exec_prefix}/libexec'
localedir='${datarootdir}/locale'
localstatedir='${prefix}/var'
mandir='${datarootdir}/man'
mkdir_p='$(MKDIR_P)'
oldincludedir='/usr/include'
pdfdir='${docdir}'
prefix='/usr/local'
program_transform_name='s,x,x,'
psdir='${docdir}'
sbindir='${exec_prefix}/sbin'
sharedstatedir='${prefix}/com'
sysconfdir='${prefix}/etc'
target_alias=''

## ----------- ##
## confdefs.h. ##
## ----------- ##

/* confdefs.h */
#define PACKAGE_NAME "Q1"
#define PACKAGE_TARNAME "q1"
#define PACKAGE_VERSION "0.0.1"
#define PACKAGE_STRING "Q1 0.0.1"
#define PACKAGE_BUGREPORT ""
#define PACKAGE_URL ""
#define PACKAGE "q1"
#define VERSION "0.0.1"
#define STDC_HEADERS 1
#define HAVE_SYS_TYPES_H 1
#define HAVE_SYS_STAT_H 1
#define HAVE_STDLIB_H 1
#define HAVE_STRING_H 1
#define HAVE_MEMORY_H 1
#define HAVE_STRINGS_H 1
#define HAVE_INTTYPES_H 1
#define HAVE_STDINT_H 1
#define HAVE_UNISTD_H 1
#define HAVE_DLFCN_H 1
#define LT_OBJDIR ".libs/"
#define STDC_HEADERS 1
#define HAVE_ARPA_INET_H 1
#define HAVE_FCNTL_H 1
#define HAVE_NETDB_H 1
#define HAVE_NETINET_IN_H 1
#define HAVE_STDLIB_H 1
#define HAVE_STRING_H 1
#define HAVE_SYS_SOCKET_H 1
#define HAVE_SYS_TIME_H 1
#define HAVE_UNISTD_H 1
#define HAVE_SYS_UTSNAME_H 1
#define TIME_WITH_SYS_TIME 1
#define POLL_NFDS_TYPE nfds_t
#define HAVE_GETCWD 1
#define HAVE_GETHOSTBYNAME 1
#define HAVE_GETHOSTNAME 1
#define HAVE_GETLOGIN 1
#define HAVE_GETPWUID_R 1
#define HAVE_GETTIMEOFDAY 1
#define HAVE_GETUID 1
#define HAVE_MEMMOVE 1
#define HAVE_MEMSET 1
#define HAVE_POLL 1
#define HAVE_SOCKET 1
#define HAVE_STRCHR 1
#define HAVE_STRDUP 1
#define HAVE_STRERROR 1
#define HAVE_STRTOL 1

configure: exit 0
